<?xml version="1.0" encoding="UTF-8"?>
<testng-results ignored="0" total="1" passed="1" failed="0" skipped="0">
  <reporter-output>
  </reporter-output>
  <suite started-at="2026-02-02T18:53:49 EST" name="UI Suite" finished-at="2026-02-02T18:53:52 EST" duration-ms="2851">
    <groups>
    </groups>
    <test started-at="2026-02-02T18:53:49 EST" name="UI Tests" finished-at="2026-02-02T18:53:52 EST" duration-ms="2851">
      <class name="ui.HomePageTest">
        <test-method is-config="true" signature="setup()[pri:0, instance:ui.HomePageTest@35aea049]" started-at="2026-02-02T18:53:49 EST" name="setup" finished-at="2026-02-02T18:53:51 EST" duration-ms="2699" status="PASS">
          <reporter-output>
          </reporter-output>
        </test-method> <!-- setup -->
        <test-method signature="shouldShowBuildText()[pri:0, instance:ui.HomePageTest@35aea049]" started-at="2026-02-02T18:53:51 EST" name="shouldShowBuildText" finished-at="2026-02-02T18:53:51 EST" duration-ms="60" status="PASS">
          <reporter-output>
          </reporter-output>
        </test-method> <!-- shouldShowBuildText -->
        <test-method is-config="true" signature="cleanup()[pri:0, instance:ui.HomePageTest@35aea049]" started-at="2026-02-02T18:53:51 EST" name="cleanup" finished-at="2026-02-02T18:53:52 EST" duration-ms="82" status="PASS">
          <reporter-output>
          </reporter-output>
        </test-method> <!-- cleanup -->
      </class> <!-- ui.HomePageTest -->
    </test> <!-- UI Tests -->
  </suite> <!-- UI Suite -->
</testng-results>
